<?xml version="1.0" encoding="UTF-8"?>
<!-- Generated by org.testng.reporters.JUnitXMLReporter -->
<testsuite ignored="0" hostname="DESKTOP-CK6VHMT" failures="18" tests="29" name="Test" time="26.299" errors="0" timestamp="2023-04-06T07:40:21 IST">
  <testcase classname="utility.DataExtractor" name="CreateCustomer" time="3.562"/>
  <testcase classname="utility.DataExtractor" name="CreateCustomer" time="0.679"/>
  <testcase classname="utility.DataExtractor" name="CreateCustomer" time="0.822"/>
  <testcase classname="utility.DataExtractor" name="CreateCustomer" time="0.753"/>
  <testcase classname="utility.DataExtractor" name="CreateCustomer" time="0.808"/>
  <testcase classname="utility.DataExtractor" name="CreateCustomer" time="0.831"/>
  <testcase classname="utility.DataExtractor" name="CreateCustomer" time="0.678"/>
  <testcase classname="utility.DataExtractor" name="CreateCustomer" time="0.806"/>
  <testcase classname="utility.DataExtractor" name="CreateCustomer" time="0.689"/>
  <testcase classname="testcases.CreateCustomerAPI" name="TC1_validAPIKeys" time="0.77">
    <failure type="java.lang.AssertionError" message="The following asserts failed:
	expected [1000] but found [722]">
      <![CDATA[java.lang.AssertionError: The following asserts failed:
expected [1000] but found [722]
at testcases.CreateCustomerAPI.TC1_validAPIKeys(CreateCustomerAPI.java:69)
at java.base/java.util.ArrayList.forEach(ArrayList.java:1511)
at java.base/java.util.concurrent.FutureTask.run(FutureTask.java:264)
at java.base/java.util.concurrent.ThreadPoolExecutor.runWorker(ThreadPoolExecutor.java:1136)
at java.base/java.util.concurrent.ThreadPoolExecutor$Worker.run(ThreadPoolExecutor.java:635)
at java.base/java.lang.Thread.run(Thread.java:833)
... Removed 17 stack frames]]>
    </failure>
  </testcase> <!-- TC1_validAPIKeys -->
  <testcase classname="testcases.CreateCustomerAPI" name="TC1_validAPIKeys" time="0.862">
    <failure type="java.lang.AssertionError" message="The following asserts failed:
	expected [1000] but found [829]">
      <![CDATA[java.lang.AssertionError: The following asserts failed:
expected [1000] but found [829]
at testcases.CreateCustomerAPI.TC1_validAPIKeys(CreateCustomerAPI.java:69)
at java.base/java.util.ArrayList.forEach(ArrayList.java:1511)
at java.base/java.util.concurrent.FutureTask.run(FutureTask.java:264)
at java.base/java.util.concurrent.ThreadPoolExecutor.runWorker(ThreadPoolExecutor.java:1136)
at java.base/java.util.concurrent.ThreadPoolExecutor$Worker.run(ThreadPoolExecutor.java:635)
at java.base/java.lang.Thread.run(Thread.java:833)
... Removed 17 stack frames]]>
    </failure>
  </testcase> <!-- TC1_validAPIKeys -->
  <testcase classname="testcases.CreateCustomerAPI" name="TC1_validAPIKeys" time="0.746">
    <failure type="java.lang.AssertionError" message="The following asserts failed:
	expected [1000] but found [730]">
      <![CDATA[java.lang.AssertionError: The following asserts failed:
expected [1000] but found [730]
at testcases.CreateCustomerAPI.TC1_validAPIKeys(CreateCustomerAPI.java:69)
at java.base/java.util.ArrayList.forEach(ArrayList.java:1511)
at java.base/java.util.concurrent.FutureTask.run(FutureTask.java:264)
at java.base/java.util.concurrent.ThreadPoolExecutor.runWorker(ThreadPoolExecutor.java:1136)
at java.base/java.util.concurrent.ThreadPoolExecutor$Worker.run(ThreadPoolExecutor.java:635)
at java.base/java.lang.Thread.run(Thread.java:833)
... Removed 17 stack frames]]>
    </failure>
  </testcase> <!-- TC1_validAPIKeys -->
  <testcase classname="testcases.CreateCustomerAPI" name="TC1_validAPIKeys" time="0.654">
    <failure type="java.lang.AssertionError" message="The following asserts failed:
	expected [1000] but found [642]">
      <![CDATA[java.lang.AssertionError: The following asserts failed:
expected [1000] but found [642]
at testcases.CreateCustomerAPI.TC1_validAPIKeys(CreateCustomerAPI.java:69)
at java.base/java.util.ArrayList.forEach(ArrayList.java:1511)
at java.base/java.util.concurrent.FutureTask.run(FutureTask.java:264)
at java.base/java.util.concurrent.ThreadPoolExecutor.runWorker(ThreadPoolExecutor.java:1136)
at java.base/java.util.concurrent.ThreadPoolExecutor$Worker.run(ThreadPoolExecutor.java:635)
at java.base/java.lang.Thread.run(Thread.java:833)
... Removed 17 stack frames]]>
    </failure>
  </testcase> <!-- TC1_validAPIKeys -->
  <testcase classname="testcases.CreateCustomerAPI" name="TC1_validAPIKeys" time="0.72">
    <failure type="java.lang.AssertionError" message="The following asserts failed:
	expected [1000] but found [708]">
      <![CDATA[java.lang.AssertionError: The following asserts failed:
expected [1000] but found [708]
at testcases.CreateCustomerAPI.TC1_validAPIKeys(CreateCustomerAPI.java:69)
at java.base/java.util.ArrayList.forEach(ArrayList.java:1511)
at java.base/java.util.concurrent.FutureTask.run(FutureTask.java:264)
at java.base/java.util.concurrent.ThreadPoolExecutor.runWorker(ThreadPoolExecutor.java:1136)
at java.base/java.util.concurrent.ThreadPoolExecutor$Worker.run(ThreadPoolExecutor.java:635)
at java.base/java.lang.Thread.run(Thread.java:833)
... Removed 17 stack frames]]>
    </failure>
  </testcase> <!-- TC1_validAPIKeys -->
  <testcase classname="testcases.CreateCustomerAPI" name="TC1_validAPIKeys" time="0.826">
    <failure type="java.lang.AssertionError" message="The following asserts failed:
	expected [1000] but found [813]">
      <![CDATA[java.lang.AssertionError: The following asserts failed:
expected [1000] but found [813]
at testcases.CreateCustomerAPI.TC1_validAPIKeys(CreateCustomerAPI.java:69)
at java.base/java.util.ArrayList.forEach(ArrayList.java:1511)
at java.base/java.util.concurrent.FutureTask.run(FutureTask.java:264)
at java.base/java.util.concurrent.ThreadPoolExecutor.runWorker(ThreadPoolExecutor.java:1136)
at java.base/java.util.concurrent.ThreadPoolExecutor$Worker.run(ThreadPoolExecutor.java:635)
at java.base/java.lang.Thread.run(Thread.java:833)
... Removed 17 stack frames]]>
    </failure>
  </testcase> <!-- TC1_validAPIKeys -->
  <testcase classname="testcases.CreateCustomerAPI" name="TC1_validAPIKeys" time="0.898">
    <failure type="java.lang.AssertionError" message="The following asserts failed:
	expected [1000] but found [889]">
      <![CDATA[java.lang.AssertionError: The following asserts failed:
expected [1000] but found [889]
at testcases.CreateCustomerAPI.TC1_validAPIKeys(CreateCustomerAPI.java:69)
at java.base/java.util.ArrayList.forEach(ArrayList.java:1511)
at java.base/java.util.concurrent.FutureTask.run(FutureTask.java:264)
at java.base/java.util.concurrent.ThreadPoolExecutor.runWorker(ThreadPoolExecutor.java:1136)
at java.base/java.util.concurrent.ThreadPoolExecutor$Worker.run(ThreadPoolExecutor.java:635)
at java.base/java.lang.Thread.run(Thread.java:833)
... Removed 17 stack frames]]>
    </failure>
  </testcase> <!-- TC1_validAPIKeys -->
  <testcase classname="testcases.CreateCustomerAPI" name="TC1_validAPIKeys" time="1.495">
    <failure type="java.lang.AssertionError" message="The following asserts failed:
	expected [1000] but found [1484]">
      <![CDATA[java.lang.AssertionError: The following asserts failed:
expected [1000] but found [1484]
at testcases.CreateCustomerAPI.TC1_validAPIKeys(CreateCustomerAPI.java:69)
at java.base/java.util.ArrayList.forEach(ArrayList.java:1511)
at java.base/java.util.concurrent.FutureTask.run(FutureTask.java:264)
at java.base/java.util.concurrent.ThreadPoolExecutor.runWorker(ThreadPoolExecutor.java:1136)
at java.base/java.util.concurrent.ThreadPoolExecutor$Worker.run(ThreadPoolExecutor.java:635)
at java.base/java.lang.Thread.run(Thread.java:833)
... Removed 17 stack frames]]>
    </failure>
  </testcase> <!-- TC1_validAPIKeys -->
  <testcase classname="testcases.CreateCustomerAPI" name="TC1_validAPIKeys" time="0.765">
    <failure type="java.lang.AssertionError" message="The following asserts failed:
	expected [1000] but found [754]">
      <![CDATA[java.lang.AssertionError: The following asserts failed:
expected [1000] but found [754]
at testcases.CreateCustomerAPI.TC1_validAPIKeys(CreateCustomerAPI.java:69)
at java.base/java.util.ArrayList.forEach(ArrayList.java:1511)
at java.base/java.util.concurrent.FutureTask.run(FutureTask.java:264)
at java.base/java.util.concurrent.ThreadPoolExecutor.runWorker(ThreadPoolExecutor.java:1136)
at java.base/java.util.concurrent.ThreadPoolExecutor$Worker.run(ThreadPoolExecutor.java:635)
at java.base/java.lang.Thread.run(Thread.java:833)
... Removed 17 stack frames]]>
    </failure>
  </testcase> <!-- TC1_validAPIKeys -->
  <testcase classname="testcases.CreateCustomerAPI" name="TC2_skipTestcase" time="0.002">
    <skipped/>
  </testcase> <!-- TC2_skipTestcase -->
  <testcase classname="testcases.GetCustomerAPI" name="TC1_validAPIKey" time="1.876">
    <failure type="java.lang.AssertionError" message="The following asserts failed:
	expected [400] but found [200],
	expected [HTTP/1.1 400 OK] but found [HTTP/1.1 200 OK],
	expected [1000] but found [477]">
      <![CDATA[java.lang.AssertionError: The following asserts failed:
expected [400] but found [200],
expected [HTTP/1.1 400 OK] but found [HTTP/1.1 200 OK],
expected [1000] but found [477]
at testcases.GetCustomerAPI.TC1_validAPIKey(GetCustomerAPI.java:77)
at java.base/java.util.ArrayList.forEach(ArrayList.java:1511)
at java.base/java.util.concurrent.FutureTask.run(FutureTask.java:264)
at java.base/java.util.concurrent.ThreadPoolExecutor.runWorker(ThreadPoolExecutor.java:1136)
at java.base/java.util.concurrent.ThreadPoolExecutor$Worker.run(ThreadPoolExecutor.java:635)
at java.base/java.lang.Thread.run(Thread.java:833)
... Removed 17 stack frames]]>
    </failure>
  </testcase> <!-- TC1_validAPIKey -->
  <testcase classname="testcases.GetCustomerAPI" name="TC1_validAPIKey" time="0.499">
    <failure type="java.lang.AssertionError" message="The following asserts failed:
	expected [400] but found [200],
	expected [HTTP/1.1 400 OK] but found [HTTP/1.1 200 OK],
	expected [vaibhav@testing.com] but found [john@testing.com],
	expected [1000] but found [424]">
      <![CDATA[java.lang.AssertionError: The following asserts failed:
expected [400] but found [200],
expected [HTTP/1.1 400 OK] but found [HTTP/1.1 200 OK],
expected [vaibhav@testing.com] but found [john@testing.com],
expected [1000] but found [424]
at testcases.GetCustomerAPI.TC1_validAPIKey(GetCustomerAPI.java:77)
at java.base/java.util.ArrayList.forEach(ArrayList.java:1511)
at java.base/java.util.concurrent.FutureTask.run(FutureTask.java:264)
at java.base/java.util.concurrent.ThreadPoolExecutor.runWorker(ThreadPoolExecutor.java:1136)
at java.base/java.util.concurrent.ThreadPoolExecutor$Worker.run(ThreadPoolExecutor.java:635)
at java.base/java.lang.Thread.run(Thread.java:833)
... Removed 17 stack frames]]>
    </failure>
  </testcase> <!-- TC1_validAPIKey -->
  <testcase classname="testcases.GetCustomerAPI" name="TC1_validAPIKey" time="0.614">
    <failure type="java.lang.AssertionError" message="The following asserts failed:
	expected [400] but found [200],
	expected [HTTP/1.1 400 OK] but found [HTTP/1.1 200 OK],
	expected [vaibhav@testing.com] but found [john@testing.com],
	expected [1000] but found [539]">
      <![CDATA[java.lang.AssertionError: The following asserts failed:
expected [400] but found [200],
expected [HTTP/1.1 400 OK] but found [HTTP/1.1 200 OK],
expected [vaibhav@testing.com] but found [john@testing.com],
expected [1000] but found [539]
at testcases.GetCustomerAPI.TC1_validAPIKey(GetCustomerAPI.java:77)
at java.base/java.util.ArrayList.forEach(ArrayList.java:1511)
at java.base/java.util.concurrent.FutureTask.run(FutureTask.java:264)
at java.base/java.util.concurrent.ThreadPoolExecutor.runWorker(ThreadPoolExecutor.java:1136)
at java.base/java.util.concurrent.ThreadPoolExecutor$Worker.run(ThreadPoolExecutor.java:635)
at java.base/java.lang.Thread.run(Thread.java:833)
... Removed 17 stack frames]]>
    </failure>
  </testcase> <!-- TC1_validAPIKey -->
  <testcase classname="testcases.GetCustomerAPI" name="TC1_validAPIKey" time="0.623">
    <failure type="java.lang.AssertionError" message="The following asserts failed:
	expected [400] but found [200],
	expected [HTTP/1.1 400 OK] but found [HTTP/1.1 200 OK],
	expected [vaibhav@testing.com] but found [john@testing.com],
	expected [1000] but found [552]">
      <![CDATA[java.lang.AssertionError: The following asserts failed:
expected [400] but found [200],
expected [HTTP/1.1 400 OK] but found [HTTP/1.1 200 OK],
expected [vaibhav@testing.com] but found [john@testing.com],
expected [1000] but found [552]
at testcases.GetCustomerAPI.TC1_validAPIKey(GetCustomerAPI.java:77)
at java.base/java.util.ArrayList.forEach(ArrayList.java:1511)
at java.base/java.util.concurrent.FutureTask.run(FutureTask.java:264)
at java.base/java.util.concurrent.ThreadPoolExecutor.runWorker(ThreadPoolExecutor.java:1136)
at java.base/java.util.concurrent.ThreadPoolExecutor$Worker.run(ThreadPoolExecutor.java:635)
at java.base/java.lang.Thread.run(Thread.java:833)
... Removed 17 stack frames]]>
    </failure>
  </testcase> <!-- TC1_validAPIKey -->
  <testcase classname="testcases.GetCustomerAPI" name="TC1_validAPIKey" time="0.491">
    <failure type="java.lang.AssertionError" message="The following asserts failed:
	expected [400] but found [200],
	expected [HTTP/1.1 400 OK] but found [HTTP/1.1 200 OK],
	expected [vaibhav@testing.com] but found [john@testing.com],
	expected [1000] but found [446]">
      <![CDATA[java.lang.AssertionError: The following asserts failed:
expected [400] but found [200],
expected [HTTP/1.1 400 OK] but found [HTTP/1.1 200 OK],
expected [vaibhav@testing.com] but found [john@testing.com],
expected [1000] but found [446]
at testcases.GetCustomerAPI.TC1_validAPIKey(GetCustomerAPI.java:77)
at java.base/java.util.ArrayList.forEach(ArrayList.java:1511)
at java.base/java.util.concurrent.FutureTask.run(FutureTask.java:264)
at java.base/java.util.concurrent.ThreadPoolExecutor.runWorker(ThreadPoolExecutor.java:1136)
at java.base/java.util.concurrent.ThreadPoolExecutor$Worker.run(ThreadPoolExecutor.java:635)
at java.base/java.lang.Thread.run(Thread.java:833)
... Removed 17 stack frames]]>
    </failure>
  </testcase> <!-- TC1_validAPIKey -->
  <testcase classname="testcases.GetCustomerAPI" name="TC1_validAPIKey" time="0.604">
    <failure type="java.lang.AssertionError" message="The following asserts failed:
	expected [400] but found [200],
	expected [HTTP/1.1 400 OK] but found [HTTP/1.1 200 OK],
	expected [vaibhav@testing.com] but found [john@testing.com],
	expected [1000] but found [555]">
      <![CDATA[java.lang.AssertionError: The following asserts failed:
expected [400] but found [200],
expected [HTTP/1.1 400 OK] but found [HTTP/1.1 200 OK],
expected [vaibhav@testing.com] but found [john@testing.com],
expected [1000] but found [555]
at testcases.GetCustomerAPI.TC1_validAPIKey(GetCustomerAPI.java:77)
at java.base/java.util.ArrayList.forEach(ArrayList.java:1511)
at java.base/java.util.concurrent.FutureTask.run(FutureTask.java:264)
at java.base/java.util.concurrent.ThreadPoolExecutor.runWorker(ThreadPoolExecutor.java:1136)
at java.base/java.util.concurrent.ThreadPoolExecutor$Worker.run(ThreadPoolExecutor.java:635)
at java.base/java.lang.Thread.run(Thread.java:833)
... Removed 17 stack frames]]>
    </failure>
  </testcase> <!-- TC1_validAPIKey -->
  <testcase classname="testcases.GetCustomerAPI" name="TC1_validAPIKey" time="0.589">
    <failure type="java.lang.AssertionError" message="The following asserts failed:
	expected [400] but found [200],
	expected [HTTP/1.1 400 OK] but found [HTTP/1.1 200 OK],
	expected [vaibhav@testing.com] but found [john@testing.com],
	expected [1000] but found [552]">
      <![CDATA[java.lang.AssertionError: The following asserts failed:
expected [400] but found [200],
expected [HTTP/1.1 400 OK] but found [HTTP/1.1 200 OK],
expected [vaibhav@testing.com] but found [john@testing.com],
expected [1000] but found [552]
at testcases.GetCustomerAPI.TC1_validAPIKey(GetCustomerAPI.java:77)
at java.base/java.util.ArrayList.forEach(ArrayList.java:1511)
at java.base/java.util.concurrent.FutureTask.run(FutureTask.java:264)
at java.base/java.util.concurrent.ThreadPoolExecutor.runWorker(ThreadPoolExecutor.java:1136)
at java.base/java.util.concurrent.ThreadPoolExecutor$Worker.run(ThreadPoolExecutor.java:635)
at java.base/java.lang.Thread.run(Thread.java:833)
... Removed 17 stack frames]]>
    </failure>
  </testcase> <!-- TC1_validAPIKey -->
  <testcase classname="testcases.GetCustomerAPI" name="TC1_validAPIKey" time="1.078">
    <failure type="java.lang.AssertionError" message="The following asserts failed:
	expected [400] but found [200],
	expected [HTTP/1.1 400 OK] but found [HTTP/1.1 200 OK],
	expected [vaibhav@testing.com] but found [john@testing.com],
	expected [1000] but found [1045]">
      <![CDATA[java.lang.AssertionError: The following asserts failed:
expected [400] but found [200],
expected [HTTP/1.1 400 OK] but found [HTTP/1.1 200 OK],
expected [vaibhav@testing.com] but found [john@testing.com],
expected [1000] but found [1045]
at testcases.GetCustomerAPI.TC1_validAPIKey(GetCustomerAPI.java:77)
at java.base/java.util.ArrayList.forEach(ArrayList.java:1511)
at java.base/java.util.concurrent.FutureTask.run(FutureTask.java:264)
at java.base/java.util.concurrent.ThreadPoolExecutor.runWorker(ThreadPoolExecutor.java:1136)
at java.base/java.util.concurrent.ThreadPoolExecutor$Worker.run(ThreadPoolExecutor.java:635)
at java.base/java.lang.Thread.run(Thread.java:833)
... Removed 17 stack frames]]>
    </failure>
  </testcase> <!-- TC1_validAPIKey -->
  <testcase classname="testcases.GetCustomerAPI" name="TC1_validAPIKey" time="0.445">
    <failure type="java.lang.AssertionError" message="The following asserts failed:
	expected [400] but found [200],
	expected [HTTP/1.1 400 OK] but found [HTTP/1.1 200 OK],
	expected [vaibhav@testing.com] but found [john@testing.com],
	expected [1000] but found [416]">
      <![CDATA[java.lang.AssertionError: The following asserts failed:
expected [400] but found [200],
expected [HTTP/1.1 400 OK] but found [HTTP/1.1 200 OK],
expected [vaibhav@testing.com] but found [john@testing.com],
expected [1000] but found [416]
at testcases.GetCustomerAPI.TC1_validAPIKey(GetCustomerAPI.java:77)
at java.base/java.util.ArrayList.forEach(ArrayList.java:1511)
at java.base/java.util.concurrent.FutureTask.run(FutureTask.java:264)
at java.base/java.util.concurrent.ThreadPoolExecutor.runWorker(ThreadPoolExecutor.java:1136)
at java.base/java.util.concurrent.ThreadPoolExecutor$Worker.run(ThreadPoolExecutor.java:635)
at java.base/java.lang.Thread.run(Thread.java:833)
... Removed 17 stack frames]]>
    </failure>
  </testcase> <!-- TC1_validAPIKey -->
  <testcase classname="testcases.GetCustomerAPI" name="TC2_invalidAPIKey" time="0.305"/>
</testsuite> <!-- Test -->
