<?xml version="1.0" encoding="UTF-8"?>
<!-- Generated by org.testng.reporters.JUnitXMLReporter -->
<testsuite ignored="0" hostname="DESKTOP-CK6VHMT" failures="18" tests="29" name="Test" time="26.186" errors="0" timestamp="2023-04-10T16:50:11 IST">
  <testcase classname="utility.DataExtractor" name="CreateCustomer" time="3.761"/>
  <testcase classname="utility.DataExtractor" name="CreateCustomer" time="0.92"/>
  <testcase classname="utility.DataExtractor" name="CreateCustomer" time="0.73"/>
  <testcase classname="utility.DataExtractor" name="CreateCustomer" time="0.776"/>
  <testcase classname="utility.DataExtractor" name="CreateCustomer" time="1.114"/>
  <testcase classname="utility.DataExtractor" name="CreateCustomer" time="0.895"/>
  <testcase classname="utility.DataExtractor" name="CreateCustomer" time="0.947"/>
  <testcase classname="utility.DataExtractor" name="CreateCustomer" time="0.878"/>
  <testcase classname="utility.DataExtractor" name="CreateCustomer" time="0.718"/>
  <testcase classname="testcases.CreateCustomerAPI" name="TC1_validAPIKeys" time="1.098">
    <failure type="java.lang.AssertionError" message="The following asserts failed:
	expected [1000] but found [1068]">
      <![CDATA[java.lang.AssertionError: The following asserts failed:
expected [1000] but found [1068]
at testcases.CreateCustomerAPI.TC1_validAPIKeys(CreateCustomerAPI.java:69)
at java.base/java.util.ArrayList.forEach(ArrayList.java:1511)
at java.base/java.util.concurrent.FutureTask.run(FutureTask.java:264)
at java.base/java.util.concurrent.ThreadPoolExecutor.runWorker(ThreadPoolExecutor.java:1136)
at java.base/java.util.concurrent.ThreadPoolExecutor$Worker.run(ThreadPoolExecutor.java:635)
at java.base/java.lang.Thread.run(Thread.java:833)
... Removed 17 stack frames]]>
    </failure>
  </testcase> <!-- TC1_validAPIKeys -->
  <testcase classname="testcases.CreateCustomerAPI" name="TC1_validAPIKeys" time="0.819">
    <failure type="java.lang.AssertionError" message="The following asserts failed:
	expected [1000] but found [801]">
      <![CDATA[java.lang.AssertionError: The following asserts failed:
expected [1000] but found [801]
at testcases.CreateCustomerAPI.TC1_validAPIKeys(CreateCustomerAPI.java:69)
at java.base/java.util.ArrayList.forEach(ArrayList.java:1511)
at java.base/java.util.concurrent.FutureTask.run(FutureTask.java:264)
at java.base/java.util.concurrent.ThreadPoolExecutor.runWorker(ThreadPoolExecutor.java:1136)
at java.base/java.util.concurrent.ThreadPoolExecutor$Worker.run(ThreadPoolExecutor.java:635)
at java.base/java.lang.Thread.run(Thread.java:833)
... Removed 17 stack frames]]>
    </failure>
  </testcase> <!-- TC1_validAPIKeys -->
  <testcase classname="testcases.CreateCustomerAPI" name="TC1_validAPIKeys" time="0.793">
    <failure type="java.lang.AssertionError" message="The following asserts failed:
	expected [1000] but found [778]">
      <![CDATA[java.lang.AssertionError: The following asserts failed:
expected [1000] but found [778]
at testcases.CreateCustomerAPI.TC1_validAPIKeys(CreateCustomerAPI.java:69)
at java.base/java.util.ArrayList.forEach(ArrayList.java:1511)
at java.base/java.util.concurrent.FutureTask.run(FutureTask.java:264)
at java.base/java.util.concurrent.ThreadPoolExecutor.runWorker(ThreadPoolExecutor.java:1136)
at java.base/java.util.concurrent.ThreadPoolExecutor$Worker.run(ThreadPoolExecutor.java:635)
at java.base/java.lang.Thread.run(Thread.java:833)
... Removed 17 stack frames]]>
    </failure>
  </testcase> <!-- TC1_validAPIKeys -->
  <testcase classname="testcases.CreateCustomerAPI" name="TC1_validAPIKeys" time="0.839">
    <failure type="java.lang.AssertionError" message="The following asserts failed:
	expected [1000] but found [828]">
      <![CDATA[java.lang.AssertionError: The following asserts failed:
expected [1000] but found [828]
at testcases.CreateCustomerAPI.TC1_validAPIKeys(CreateCustomerAPI.java:69)
at java.base/java.util.ArrayList.forEach(ArrayList.java:1511)
at java.base/java.util.concurrent.FutureTask.run(FutureTask.java:264)
at java.base/java.util.concurrent.ThreadPoolExecutor.runWorker(ThreadPoolExecutor.java:1136)
at java.base/java.util.concurrent.ThreadPoolExecutor$Worker.run(ThreadPoolExecutor.java:635)
at java.base/java.lang.Thread.run(Thread.java:833)
... Removed 17 stack frames]]>
    </failure>
  </testcase> <!-- TC1_validAPIKeys -->
  <testcase classname="testcases.CreateCustomerAPI" name="TC1_validAPIKeys" time="0.744">
    <failure type="java.lang.AssertionError" message="The following asserts failed:
	expected [1000] but found [736]">
      <![CDATA[java.lang.AssertionError: The following asserts failed:
expected [1000] but found [736]
at testcases.CreateCustomerAPI.TC1_validAPIKeys(CreateCustomerAPI.java:69)
at java.base/java.util.ArrayList.forEach(ArrayList.java:1511)
at java.base/java.util.concurrent.FutureTask.run(FutureTask.java:264)
at java.base/java.util.concurrent.ThreadPoolExecutor.runWorker(ThreadPoolExecutor.java:1136)
at java.base/java.util.concurrent.ThreadPoolExecutor$Worker.run(ThreadPoolExecutor.java:635)
at java.base/java.lang.Thread.run(Thread.java:833)
... Removed 17 stack frames]]>
    </failure>
  </testcase> <!-- TC1_validAPIKeys -->
  <testcase classname="testcases.CreateCustomerAPI" name="TC1_validAPIKeys" time="1.148">
    <failure type="java.lang.AssertionError" message="The following asserts failed:
	expected [1000] but found [1136]">
      <![CDATA[java.lang.AssertionError: The following asserts failed:
expected [1000] but found [1136]
at testcases.CreateCustomerAPI.TC1_validAPIKeys(CreateCustomerAPI.java:69)
at java.base/java.util.ArrayList.forEach(ArrayList.java:1511)
at java.base/java.util.concurrent.FutureTask.run(FutureTask.java:264)
at java.base/java.util.concurrent.ThreadPoolExecutor.runWorker(ThreadPoolExecutor.java:1136)
at java.base/java.util.concurrent.ThreadPoolExecutor$Worker.run(ThreadPoolExecutor.java:635)
at java.base/java.lang.Thread.run(Thread.java:833)
... Removed 17 stack frames]]>
    </failure>
  </testcase> <!-- TC1_validAPIKeys -->
  <testcase classname="testcases.CreateCustomerAPI" name="TC1_validAPIKeys" time="0.712">
    <failure type="java.lang.AssertionError" message="The following asserts failed:
	expected [1000] but found [703]">
      <![CDATA[java.lang.AssertionError: The following asserts failed:
expected [1000] but found [703]
at testcases.CreateCustomerAPI.TC1_validAPIKeys(CreateCustomerAPI.java:69)
at java.base/java.util.ArrayList.forEach(ArrayList.java:1511)
at java.base/java.util.concurrent.FutureTask.run(FutureTask.java:264)
at java.base/java.util.concurrent.ThreadPoolExecutor.runWorker(ThreadPoolExecutor.java:1136)
at java.base/java.util.concurrent.ThreadPoolExecutor$Worker.run(ThreadPoolExecutor.java:635)
at java.base/java.lang.Thread.run(Thread.java:833)
... Removed 17 stack frames]]>
    </failure>
  </testcase> <!-- TC1_validAPIKeys -->
  <testcase classname="testcases.CreateCustomerAPI" name="TC1_validAPIKeys" time="0.699">
    <failure type="java.lang.AssertionError" message="The following asserts failed:
	expected [1000] but found [691]">
      <![CDATA[java.lang.AssertionError: The following asserts failed:
expected [1000] but found [691]
at testcases.CreateCustomerAPI.TC1_validAPIKeys(CreateCustomerAPI.java:69)
at java.base/java.util.ArrayList.forEach(ArrayList.java:1511)
at java.base/java.util.concurrent.FutureTask.run(FutureTask.java:264)
at java.base/java.util.concurrent.ThreadPoolExecutor.runWorker(ThreadPoolExecutor.java:1136)
at java.base/java.util.concurrent.ThreadPoolExecutor$Worker.run(ThreadPoolExecutor.java:635)
at java.base/java.lang.Thread.run(Thread.java:833)
... Removed 17 stack frames]]>
    </failure>
  </testcase> <!-- TC1_validAPIKeys -->
  <testcase classname="testcases.CreateCustomerAPI" name="TC1_validAPIKeys" time="0.784">
    <failure type="java.lang.AssertionError" message="The following asserts failed:
	expected [1000] but found [775]">
      <![CDATA[java.lang.AssertionError: The following asserts failed:
expected [1000] but found [775]
at testcases.CreateCustomerAPI.TC1_validAPIKeys(CreateCustomerAPI.java:69)
at java.base/java.util.ArrayList.forEach(ArrayList.java:1511)
at java.base/java.util.concurrent.FutureTask.run(FutureTask.java:264)
at java.base/java.util.concurrent.ThreadPoolExecutor.runWorker(ThreadPoolExecutor.java:1136)
at java.base/java.util.concurrent.ThreadPoolExecutor$Worker.run(ThreadPoolExecutor.java:635)
at java.base/java.lang.Thread.run(Thread.java:833)
... Removed 17 stack frames]]>
    </failure>
  </testcase> <!-- TC1_validAPIKeys -->
  <testcase classname="testcases.CreateCustomerAPI" name="TC2_skipTestcase" time="0.001">
    <skipped/>
  </testcase> <!-- TC2_skipTestcase -->
  <testcase classname="testcases.GetCustomerAPI" name="TC1_validAPIKey" time="1.527">
    <failure type="java.lang.AssertionError" message="The following asserts failed:
	expected [400] but found [200],
	expected [HTTP/1.1 400 OK] but found [HTTP/1.1 200 OK],
	expected [1000] but found [536]">
      <![CDATA[java.lang.AssertionError: The following asserts failed:
expected [400] but found [200],
expected [HTTP/1.1 400 OK] but found [HTTP/1.1 200 OK],
expected [1000] but found [536]
at testcases.GetCustomerAPI.TC1_validAPIKey(GetCustomerAPI.java:77)
at java.base/java.util.ArrayList.forEach(ArrayList.java:1511)
at java.base/java.util.concurrent.FutureTask.run(FutureTask.java:264)
at java.base/java.util.concurrent.ThreadPoolExecutor.runWorker(ThreadPoolExecutor.java:1136)
at java.base/java.util.concurrent.ThreadPoolExecutor$Worker.run(ThreadPoolExecutor.java:635)
at java.base/java.lang.Thread.run(Thread.java:833)
... Removed 17 stack frames]]>
    </failure>
  </testcase> <!-- TC1_validAPIKey -->
  <testcase classname="testcases.GetCustomerAPI" name="TC1_validAPIKey" time="0.536">
    <failure type="java.lang.AssertionError" message="The following asserts failed:
	expected [400] but found [200],
	expected [HTTP/1.1 400 OK] but found [HTTP/1.1 200 OK],
	expected [vaibhav@testing.com] but found [john@testing.com],
	expected [1000] but found [492]">
      <![CDATA[java.lang.AssertionError: The following asserts failed:
expected [400] but found [200],
expected [HTTP/1.1 400 OK] but found [HTTP/1.1 200 OK],
expected [vaibhav@testing.com] but found [john@testing.com],
expected [1000] but found [492]
at testcases.GetCustomerAPI.TC1_validAPIKey(GetCustomerAPI.java:77)
at java.base/java.util.ArrayList.forEach(ArrayList.java:1511)
at java.base/java.util.concurrent.FutureTask.run(FutureTask.java:264)
at java.base/java.util.concurrent.ThreadPoolExecutor.runWorker(ThreadPoolExecutor.java:1136)
at java.base/java.util.concurrent.ThreadPoolExecutor$Worker.run(ThreadPoolExecutor.java:635)
at java.base/java.lang.Thread.run(Thread.java:833)
... Removed 17 stack frames]]>
    </failure>
  </testcase> <!-- TC1_validAPIKey -->
  <testcase classname="testcases.GetCustomerAPI" name="TC1_validAPIKey" time="0.548">
    <failure type="java.lang.AssertionError" message="The following asserts failed:
	expected [400] but found [200],
	expected [HTTP/1.1 400 OK] but found [HTTP/1.1 200 OK],
	expected [vaibhav@testing.com] but found [john@testing.com],
	expected [1000] but found [507]">
      <![CDATA[java.lang.AssertionError: The following asserts failed:
expected [400] but found [200],
expected [HTTP/1.1 400 OK] but found [HTTP/1.1 200 OK],
expected [vaibhav@testing.com] but found [john@testing.com],
expected [1000] but found [507]
at testcases.GetCustomerAPI.TC1_validAPIKey(GetCustomerAPI.java:77)
at java.base/java.util.ArrayList.forEach(ArrayList.java:1511)
at java.base/java.util.concurrent.FutureTask.run(FutureTask.java:264)
at java.base/java.util.concurrent.ThreadPoolExecutor.runWorker(ThreadPoolExecutor.java:1136)
at java.base/java.util.concurrent.ThreadPoolExecutor$Worker.run(ThreadPoolExecutor.java:635)
at java.base/java.lang.Thread.run(Thread.java:833)
... Removed 17 stack frames]]>
    </failure>
  </testcase> <!-- TC1_validAPIKey -->
  <testcase classname="testcases.GetCustomerAPI" name="TC1_validAPIKey" time="0.669">
    <failure type="java.lang.AssertionError" message="The following asserts failed:
	expected [400] but found [200],
	expected [HTTP/1.1 400 OK] but found [HTTP/1.1 200 OK],
	expected [vaibhav@testing.com] but found [john@testing.com],
	expected [1000] but found [639]">
      <![CDATA[java.lang.AssertionError: The following asserts failed:
expected [400] but found [200],
expected [HTTP/1.1 400 OK] but found [HTTP/1.1 200 OK],
expected [vaibhav@testing.com] but found [john@testing.com],
expected [1000] but found [639]
at testcases.GetCustomerAPI.TC1_validAPIKey(GetCustomerAPI.java:77)
at java.base/java.util.ArrayList.forEach(ArrayList.java:1511)
at java.base/java.util.concurrent.FutureTask.run(FutureTask.java:264)
at java.base/java.util.concurrent.ThreadPoolExecutor.runWorker(ThreadPoolExecutor.java:1136)
at java.base/java.util.concurrent.ThreadPoolExecutor$Worker.run(ThreadPoolExecutor.java:635)
at java.base/java.lang.Thread.run(Thread.java:833)
... Removed 17 stack frames]]>
    </failure>
  </testcase> <!-- TC1_validAPIKey -->
  <testcase classname="testcases.GetCustomerAPI" name="TC1_validAPIKey" time="0.536">
    <failure type="java.lang.AssertionError" message="The following asserts failed:
	expected [400] but found [200],
	expected [HTTP/1.1 400 OK] but found [HTTP/1.1 200 OK],
	expected [vaibhav@testing.com] but found [john@testing.com],
	expected [1000] but found [511]">
      <![CDATA[java.lang.AssertionError: The following asserts failed:
expected [400] but found [200],
expected [HTTP/1.1 400 OK] but found [HTTP/1.1 200 OK],
expected [vaibhav@testing.com] but found [john@testing.com],
expected [1000] but found [511]
at testcases.GetCustomerAPI.TC1_validAPIKey(GetCustomerAPI.java:77)
at java.base/java.util.ArrayList.forEach(ArrayList.java:1511)
at java.base/java.util.concurrent.FutureTask.run(FutureTask.java:264)
at java.base/java.util.concurrent.ThreadPoolExecutor.runWorker(ThreadPoolExecutor.java:1136)
at java.base/java.util.concurrent.ThreadPoolExecutor$Worker.run(ThreadPoolExecutor.java:635)
at java.base/java.lang.Thread.run(Thread.java:833)
... Removed 17 stack frames]]>
    </failure>
  </testcase> <!-- TC1_validAPIKey -->
  <testcase classname="testcases.GetCustomerAPI" name="TC1_validAPIKey" time="0.55">
    <failure type="java.lang.AssertionError" message="The following asserts failed:
	expected [400] but found [200],
	expected [HTTP/1.1 400 OK] but found [HTTP/1.1 200 OK],
	expected [vaibhav@testing.com] but found [john@testing.com],
	expected [1000] but found [515]">
      <![CDATA[java.lang.AssertionError: The following asserts failed:
expected [400] but found [200],
expected [HTTP/1.1 400 OK] but found [HTTP/1.1 200 OK],
expected [vaibhav@testing.com] but found [john@testing.com],
expected [1000] but found [515]
at testcases.GetCustomerAPI.TC1_validAPIKey(GetCustomerAPI.java:77)
at java.base/java.util.ArrayList.forEach(ArrayList.java:1511)
at java.base/java.util.concurrent.FutureTask.run(FutureTask.java:264)
at java.base/java.util.concurrent.ThreadPoolExecutor.runWorker(ThreadPoolExecutor.java:1136)
at java.base/java.util.concurrent.ThreadPoolExecutor$Worker.run(ThreadPoolExecutor.java:635)
at java.base/java.lang.Thread.run(Thread.java:833)
... Removed 17 stack frames]]>
    </failure>
  </testcase> <!-- TC1_validAPIKey -->
  <testcase classname="testcases.GetCustomerAPI" name="TC1_validAPIKey" time="0.551">
    <failure type="java.lang.AssertionError" message="The following asserts failed:
	expected [400] but found [200],
	expected [HTTP/1.1 400 OK] but found [HTTP/1.1 200 OK],
	expected [vaibhav@testing.com] but found [john@testing.com],
	expected [1000] but found [522]">
      <![CDATA[java.lang.AssertionError: The following asserts failed:
expected [400] but found [200],
expected [HTTP/1.1 400 OK] but found [HTTP/1.1 200 OK],
expected [vaibhav@testing.com] but found [john@testing.com],
expected [1000] but found [522]
at testcases.GetCustomerAPI.TC1_validAPIKey(GetCustomerAPI.java:77)
at java.base/java.util.ArrayList.forEach(ArrayList.java:1511)
at java.base/java.util.concurrent.FutureTask.run(FutureTask.java:264)
at java.base/java.util.concurrent.ThreadPoolExecutor.runWorker(ThreadPoolExecutor.java:1136)
at java.base/java.util.concurrent.ThreadPoolExecutor$Worker.run(ThreadPoolExecutor.java:635)
at java.base/java.lang.Thread.run(Thread.java:833)
... Removed 17 stack frames]]>
    </failure>
  </testcase> <!-- TC1_validAPIKey -->
  <testcase classname="testcases.GetCustomerAPI" name="TC1_validAPIKey" time="0.549">
    <failure type="java.lang.AssertionError" message="The following asserts failed:
	expected [400] but found [200],
	expected [HTTP/1.1 400 OK] but found [HTTP/1.1 200 OK],
	expected [vaibhav@testing.com] but found [john@testing.com],
	expected [1000] but found [521]">
      <![CDATA[java.lang.AssertionError: The following asserts failed:
expected [400] but found [200],
expected [HTTP/1.1 400 OK] but found [HTTP/1.1 200 OK],
expected [vaibhav@testing.com] but found [john@testing.com],
expected [1000] but found [521]
at testcases.GetCustomerAPI.TC1_validAPIKey(GetCustomerAPI.java:77)
at java.base/java.util.ArrayList.forEach(ArrayList.java:1511)
at java.base/java.util.concurrent.FutureTask.run(FutureTask.java:264)
at java.base/java.util.concurrent.ThreadPoolExecutor.runWorker(ThreadPoolExecutor.java:1136)
at java.base/java.util.concurrent.ThreadPoolExecutor$Worker.run(ThreadPoolExecutor.java:635)
at java.base/java.lang.Thread.run(Thread.java:833)
... Removed 17 stack frames]]>
    </failure>
  </testcase> <!-- TC1_validAPIKey -->
  <testcase classname="testcases.GetCustomerAPI" name="TC1_validAPIKey" time="0.56">
    <failure type="java.lang.AssertionError" message="The following asserts failed:
	expected [400] but found [200],
	expected [HTTP/1.1 400 OK] but found [HTTP/1.1 200 OK],
	expected [vaibhav@testing.com] but found [john@testing.com],
	expected [1000] but found [528]">
      <![CDATA[java.lang.AssertionError: The following asserts failed:
expected [400] but found [200],
expected [HTTP/1.1 400 OK] but found [HTTP/1.1 200 OK],
expected [vaibhav@testing.com] but found [john@testing.com],
expected [1000] but found [528]
at testcases.GetCustomerAPI.TC1_validAPIKey(GetCustomerAPI.java:77)
at java.base/java.util.ArrayList.forEach(ArrayList.java:1511)
at java.base/java.util.concurrent.FutureTask.run(FutureTask.java:264)
at java.base/java.util.concurrent.ThreadPoolExecutor.runWorker(ThreadPoolExecutor.java:1136)
at java.base/java.util.concurrent.ThreadPoolExecutor$Worker.run(ThreadPoolExecutor.java:635)
at java.base/java.lang.Thread.run(Thread.java:833)
... Removed 17 stack frames]]>
    </failure>
  </testcase> <!-- TC1_validAPIKey -->
  <testcase classname="testcases.GetCustomerAPI" name="TC2_invalidAPIKey" time="0.384"/>
</testsuite> <!-- Test -->
