<!DOCTYPE html PUBLIC "-//W3C//DTD XHTML 1.1//EN" "https://www.w3.org/TR/xhtml11/DTD/xhtml11.dtd">
<html xmlns="https://www.w3.org/1999/xhtml">
<head>
<meta http-equiv="content-type" content="text/html; charset=UTF-8"/>
<title>TestNG Report</title>
<style type="text/css">table {margin-bottom:10px;border-collapse:collapse;empty-cells:show}th,td {border:1px solid #009;padding:.25em .5em}th {vertical-align:bottom}td {vertical-align:top}table a {font-weight:bold}.stripe td {background-color: #E6EBF9}.num {text-align:right}.passedodd td {background-color: #3F3}.passedeven td {background-color: #0A0}.skippedodd td {background-color: #DDD}.skippedeven td {background-color: #CCC}.failedodd td,.attn {background-color: #F33}.failedeven td,.stripe .attn {background-color: #D00}.stacktrace {white-space:pre;font-family:monospace}.totop {font-size:85%;text-align:center;border-bottom:2px solid #000}.invisible {display:none}</style>
</head>
<body>
<table>
<tr><th>Test</th><th># Passed</th><th># Skipped</th><th># Retried</th><th># Failed</th><th>Time (ms)</th><th>Included Groups</th><th>Excluded Groups</th></tr>
<tr><th colspan="8">Suite</th></tr>
<tr><td><a href="#t0">Test</a></td><td class="num">10</td><td class="num attn">1</td><td class="num">0</td><td class="num attn">18</td><td class="num">26,186</td><td></td><td></td></tr>
</table>
<table id='summary'><thead><tr><th>Class</th><th>Method</th><th>Start</th><th>Time (ms)</th></tr></thead><tbody><tr><th colspan="4">Suite</th></tr></tbody><tbody id="t0"><tr><th colspan="4">Test &#8212; failed</th></tr><tr class="failedeven"><td rowspan="9">testcases.CreateCustomerAPI</td><td><a href="#m0">TC1_validAPIKeys</a></td><td rowspan="9">1681125597663</td><td rowspan="9">1098</td></tr><tr class="failedeven"><td><a href="#m1">TC1_validAPIKeys</a></td></tr><tr class="failedeven"><td><a href="#m2">TC1_validAPIKeys</a></td></tr><tr class="failedeven"><td><a href="#m3">TC1_validAPIKeys</a></td></tr><tr class="failedeven"><td><a href="#m4">TC1_validAPIKeys</a></td></tr><tr class="failedeven"><td><a href="#m5">TC1_validAPIKeys</a></td></tr><tr class="failedeven"><td><a href="#m6">TC1_validAPIKeys</a></td></tr><tr class="failedeven"><td><a href="#m7">TC1_validAPIKeys</a></td></tr><tr class="failedeven"><td><a href="#m8">TC1_validAPIKeys</a></td></tr><tr class="failedodd"><td rowspan="9">testcases.GetCustomerAPI</td><td><a href="#m9">TC1_validAPIKey</a></td><td rowspan="9">1681125609774</td><td rowspan="9">551</td></tr><tr class="failedodd"><td><a href="#m10">TC1_validAPIKey</a></td></tr><tr class="failedodd"><td><a href="#m11">TC1_validAPIKey</a></td></tr><tr class="failedodd"><td><a href="#m12">TC1_validAPIKey</a></td></tr><tr class="failedodd"><td><a href="#m13">TC1_validAPIKey</a></td></tr><tr class="failedodd"><td><a href="#m14">TC1_validAPIKey</a></td></tr><tr class="failedodd"><td><a href="#m15">TC1_validAPIKey</a></td></tr><tr class="failedodd"><td><a href="#m16">TC1_validAPIKey</a></td></tr><tr class="failedodd"><td><a href="#m17">TC1_validAPIKey</a></td></tr><tr><th colspan="4">Test &#8212; skipped</th></tr><tr class="skippedeven"><td rowspan="1">testcases.CreateCustomerAPI</td><td><a href="#m18">TC2_skipTestcase</a></td><td rowspan="1">1681125605323</td><td rowspan="1">1</td></tr><tr><th colspan="4">Test &#8212; passed</th></tr><tr class="passedeven"><td rowspan="1">testcases.GetCustomerAPI</td><td><a href="#m19">TC2_invalidAPIKey</a></td><td rowspan="1">1681125611438</td><td rowspan="1">384</td></tr><tr class="passedodd"><td rowspan="9">utility.DataExtractor</td><td><a href="#m20">CreateCustomer</a></td><td rowspan="9">1681125586814</td><td rowspan="9">3761</td></tr><tr class="passedodd"><td><a href="#m21">CreateCustomer</a></td></tr><tr class="passedodd"><td><a href="#m22">CreateCustomer</a></td></tr><tr class="passedodd"><td><a href="#m23">CreateCustomer</a></td></tr><tr class="passedodd"><td><a href="#m24">CreateCustomer</a></td></tr><tr class="passedodd"><td><a href="#m25">CreateCustomer</a></td></tr><tr class="passedodd"><td><a href="#m26">CreateCustomer</a></td></tr><tr class="passedodd"><td><a href="#m27">CreateCustomer</a></td></tr><tr class="passedodd"><td><a href="#m28">CreateCustomer</a></td></tr></tbody>
</table>
<h2>Test</h2><h3 id="m0">testcases.CreateCustomerAPI#TC1_validAPIKeys</h3><table class="result"><tr class="param"><th>Parameter #1</th><th>Parameter #2</th><th>Parameter #3</th></tr><tr class="param stripe"><td>vaibhav</td><td>vaibhav@testing.com</td><td>this is testdata1</td></tr><tr><th colspan="3">Exception</th></tr><tr><td colspan="3"><div class="stacktrace">java.lang.AssertionError: The following asserts failed:
	expected [1000] but found [1068]
	at testcases.CreateCustomerAPI.TC1_validAPIKeys(CreateCustomerAPI.java:69)
	at java.base/java.util.ArrayList.forEach(ArrayList.java:1511)
	at java.base/java.util.concurrent.FutureTask.run(FutureTask.java:264)
	at java.base/java.util.concurrent.ThreadPoolExecutor.runWorker(ThreadPoolExecutor.java:1136)
	at java.base/java.util.concurrent.ThreadPoolExecutor$Worker.run(ThreadPoolExecutor.java:635)
	at java.base/java.lang.Thread.run(Thread.java:833)
... Removed 17 stack frames</div></td></tr></table><p class="totop"><a href="#summary">back to summary</a></p>
<h3 id="m1">testcases.CreateCustomerAPI#TC1_validAPIKeys</h3><table class="result"><tr class="param"><th>Parameter #1</th><th>Parameter #2</th><th>Parameter #3</th></tr><tr class="param stripe"><td>john</td><td>john@testing.com</td><td>this is testdata9</td></tr><tr><th colspan="3">Exception</th></tr><tr><td colspan="3"><div class="stacktrace">java.lang.AssertionError: The following asserts failed:
	expected [1000] but found [775]
	at testcases.CreateCustomerAPI.TC1_validAPIKeys(CreateCustomerAPI.java:69)
	at java.base/java.util.ArrayList.forEach(ArrayList.java:1511)
	at java.base/java.util.concurrent.FutureTask.run(FutureTask.java:264)
	at java.base/java.util.concurrent.ThreadPoolExecutor.runWorker(ThreadPoolExecutor.java:1136)
	at java.base/java.util.concurrent.ThreadPoolExecutor$Worker.run(ThreadPoolExecutor.java:635)
	at java.base/java.lang.Thread.run(Thread.java:833)
... Removed 17 stack frames</div></td></tr></table><p class="totop"><a href="#summary">back to summary</a></p>
<h3 id="m2">testcases.CreateCustomerAPI#TC1_validAPIKeys</h3><table class="result"><tr class="param"><th>Parameter #1</th><th>Parameter #2</th><th>Parameter #3</th></tr><tr class="param stripe"><td>john</td><td>john@testing.com</td><td>this is testdata2</td></tr><tr><th colspan="3">Exception</th></tr><tr><td colspan="3"><div class="stacktrace">java.lang.AssertionError: The following asserts failed:
	expected [1000] but found [801]
	at testcases.CreateCustomerAPI.TC1_validAPIKeys(CreateCustomerAPI.java:69)
	at java.base/java.util.ArrayList.forEach(ArrayList.java:1511)
	at java.base/java.util.concurrent.FutureTask.run(FutureTask.java:264)
	at java.base/java.util.concurrent.ThreadPoolExecutor.runWorker(ThreadPoolExecutor.java:1136)
	at java.base/java.util.concurrent.ThreadPoolExecutor$Worker.run(ThreadPoolExecutor.java:635)
	at java.base/java.lang.Thread.run(Thread.java:833)
... Removed 17 stack frames</div></td></tr></table><p class="totop"><a href="#summary">back to summary</a></p>
<h3 id="m3">testcases.CreateCustomerAPI#TC1_validAPIKeys</h3><table class="result"><tr class="param"><th>Parameter #1</th><th>Parameter #2</th><th>Parameter #3</th></tr><tr class="param stripe"><td>max</td><td>john@testing.com</td><td>this is testdata4</td></tr><tr><th colspan="3">Exception</th></tr><tr><td colspan="3"><div class="stacktrace">java.lang.AssertionError: The following asserts failed:
	expected [1000] but found [828]
	at testcases.CreateCustomerAPI.TC1_validAPIKeys(CreateCustomerAPI.java:69)
	at java.base/java.util.ArrayList.forEach(ArrayList.java:1511)
	at java.base/java.util.concurrent.FutureTask.run(FutureTask.java:264)
	at java.base/java.util.concurrent.ThreadPoolExecutor.runWorker(ThreadPoolExecutor.java:1136)
	at java.base/java.util.concurrent.ThreadPoolExecutor$Worker.run(ThreadPoolExecutor.java:635)
	at java.base/java.lang.Thread.run(Thread.java:833)
... Removed 17 stack frames</div></td></tr></table><p class="totop"><a href="#summary">back to summary</a></p>
<h3 id="m4">testcases.CreateCustomerAPI#TC1_validAPIKeys</h3><table class="result"><tr class="param"><th>Parameter #1</th><th>Parameter #2</th><th>Parameter #3</th></tr><tr class="param stripe"><td>arun</td><td>john@testing.com</td><td>this is testdata6</td></tr><tr><th colspan="3">Exception</th></tr><tr><td colspan="3"><div class="stacktrace">java.lang.AssertionError: The following asserts failed:
	expected [1000] but found [1136]
	at testcases.CreateCustomerAPI.TC1_validAPIKeys(CreateCustomerAPI.java:69)
	at java.base/java.util.ArrayList.forEach(ArrayList.java:1511)
	at java.base/java.util.concurrent.FutureTask.run(FutureTask.java:264)
	at java.base/java.util.concurrent.ThreadPoolExecutor.runWorker(ThreadPoolExecutor.java:1136)
	at java.base/java.util.concurrent.ThreadPoolExecutor$Worker.run(ThreadPoolExecutor.java:635)
	at java.base/java.lang.Thread.run(Thread.java:833)
... Removed 17 stack frames</div></td></tr></table><p class="totop"><a href="#summary">back to summary</a></p>
<h3 id="m5">testcases.CreateCustomerAPI#TC1_validAPIKeys</h3><table class="result"><tr class="param"><th>Parameter #1</th><th>Parameter #2</th><th>Parameter #3</th></tr><tr class="param stripe"><td>paul</td><td>john@testing.com</td><td>this is testdata3</td></tr><tr><th colspan="3">Exception</th></tr><tr><td colspan="3"><div class="stacktrace">java.lang.AssertionError: The following asserts failed:
	expected [1000] but found [778]
	at testcases.CreateCustomerAPI.TC1_validAPIKeys(CreateCustomerAPI.java:69)
	at java.base/java.util.ArrayList.forEach(ArrayList.java:1511)
	at java.base/java.util.concurrent.FutureTask.run(FutureTask.java:264)
	at java.base/java.util.concurrent.ThreadPoolExecutor.runWorker(ThreadPoolExecutor.java:1136)
	at java.base/java.util.concurrent.ThreadPoolExecutor$Worker.run(ThreadPoolExecutor.java:635)
	at java.base/java.lang.Thread.run(Thread.java:833)
... Removed 17 stack frames</div></td></tr></table><p class="totop"><a href="#summary">back to summary</a></p>
<h3 id="m6">testcases.CreateCustomerAPI#TC1_validAPIKeys</h3><table class="result"><tr class="param"><th>Parameter #1</th><th>Parameter #2</th><th>Parameter #3</th></tr><tr class="param stripe"><td>sourav</td><td>john@testing.com</td><td>this is testdata5</td></tr><tr><th colspan="3">Exception</th></tr><tr><td colspan="3"><div class="stacktrace">java.lang.AssertionError: The following asserts failed:
	expected [1000] but found [736]
	at testcases.CreateCustomerAPI.TC1_validAPIKeys(CreateCustomerAPI.java:69)
	at java.base/java.util.ArrayList.forEach(ArrayList.java:1511)
	at java.base/java.util.concurrent.FutureTask.run(FutureTask.java:264)
	at java.base/java.util.concurrent.ThreadPoolExecutor.runWorker(ThreadPoolExecutor.java:1136)
	at java.base/java.util.concurrent.ThreadPoolExecutor$Worker.run(ThreadPoolExecutor.java:635)
	at java.base/java.lang.Thread.run(Thread.java:833)
... Removed 17 stack frames</div></td></tr></table><p class="totop"><a href="#summary">back to summary</a></p>
<h3 id="m7">testcases.CreateCustomerAPI#TC1_validAPIKeys</h3><table class="result"><tr class="param"><th>Parameter #1</th><th>Parameter #2</th><th>Parameter #3</th></tr><tr class="param stripe"><td>abdul</td><td>john@testing.com</td><td>this is testdata8</td></tr><tr><th colspan="3">Exception</th></tr><tr><td colspan="3"><div class="stacktrace">java.lang.AssertionError: The following asserts failed:
	expected [1000] but found [691]
	at testcases.CreateCustomerAPI.TC1_validAPIKeys(CreateCustomerAPI.java:69)
	at java.base/java.util.ArrayList.forEach(ArrayList.java:1511)
	at java.base/java.util.concurrent.FutureTask.run(FutureTask.java:264)
	at java.base/java.util.concurrent.ThreadPoolExecutor.runWorker(ThreadPoolExecutor.java:1136)
	at java.base/java.util.concurrent.ThreadPoolExecutor$Worker.run(ThreadPoolExecutor.java:635)
	at java.base/java.lang.Thread.run(Thread.java:833)
... Removed 17 stack frames</div></td></tr></table><p class="totop"><a href="#summary">back to summary</a></p>
<h3 id="m8">testcases.CreateCustomerAPI#TC1_validAPIKeys</h3><table class="result"><tr class="param"><th>Parameter #1</th><th>Parameter #2</th><th>Parameter #3</th></tr><tr class="param stripe"><td>vidya</td><td>john@testing.com</td><td>this is testdata7</td></tr><tr><th colspan="3">Exception</th></tr><tr><td colspan="3"><div class="stacktrace">java.lang.AssertionError: The following asserts failed:
	expected [1000] but found [703]
	at testcases.CreateCustomerAPI.TC1_validAPIKeys(CreateCustomerAPI.java:69)
	at java.base/java.util.ArrayList.forEach(ArrayList.java:1511)
	at java.base/java.util.concurrent.FutureTask.run(FutureTask.java:264)
	at java.base/java.util.concurrent.ThreadPoolExecutor.runWorker(ThreadPoolExecutor.java:1136)
	at java.base/java.util.concurrent.ThreadPoolExecutor$Worker.run(ThreadPoolExecutor.java:635)
	at java.base/java.lang.Thread.run(Thread.java:833)
... Removed 17 stack frames</div></td></tr></table><p class="totop"><a href="#summary">back to summary</a></p>
<h3 id="m9">testcases.GetCustomerAPI#TC1_validAPIKey</h3><table class="result"><tr class="param"><th>Parameter #1</th><th>Parameter #2</th><th>Parameter #3</th></tr><tr class="param stripe"><td>vidya</td><td>john@testing.com</td><td>this is testdata7</td></tr><tr><th colspan="3">Exception</th></tr><tr><td colspan="3"><div class="stacktrace">java.lang.AssertionError: The following asserts failed:
	expected [400] but found [200],
	expected [HTTP/1.1 400 OK] but found [HTTP/1.1 200 OK],
	expected [vaibhav@testing.com] but found [john@testing.com],
	expected [1000] but found [522]
	at testcases.GetCustomerAPI.TC1_validAPIKey(GetCustomerAPI.java:77)
	at java.base/java.util.ArrayList.forEach(ArrayList.java:1511)
	at java.base/java.util.concurrent.FutureTask.run(FutureTask.java:264)
	at java.base/java.util.concurrent.ThreadPoolExecutor.runWorker(ThreadPoolExecutor.java:1136)
	at java.base/java.util.concurrent.ThreadPoolExecutor$Worker.run(ThreadPoolExecutor.java:635)
	at java.base/java.lang.Thread.run(Thread.java:833)
... Removed 17 stack frames</div></td></tr></table><p class="totop"><a href="#summary">back to summary</a></p>
<h3 id="m10">testcases.GetCustomerAPI#TC1_validAPIKey</h3><table class="result"><tr class="param"><th>Parameter #1</th><th>Parameter #2</th><th>Parameter #3</th></tr><tr class="param stripe"><td>max</td><td>john@testing.com</td><td>this is testdata4</td></tr><tr><th colspan="3">Exception</th></tr><tr><td colspan="3"><div class="stacktrace">java.lang.AssertionError: The following asserts failed:
	expected [400] but found [200],
	expected [HTTP/1.1 400 OK] but found [HTTP/1.1 200 OK],
	expected [vaibhav@testing.com] but found [john@testing.com],
	expected [1000] but found [639]
	at testcases.GetCustomerAPI.TC1_validAPIKey(GetCustomerAPI.java:77)
	at java.base/java.util.ArrayList.forEach(ArrayList.java:1511)
	at java.base/java.util.concurrent.FutureTask.run(FutureTask.java:264)
	at java.base/java.util.concurrent.ThreadPoolExecutor.runWorker(ThreadPoolExecutor.java:1136)
	at java.base/java.util.concurrent.ThreadPoolExecutor$Worker.run(ThreadPoolExecutor.java:635)
	at java.base/java.lang.Thread.run(Thread.java:833)
... Removed 17 stack frames</div></td></tr></table><p class="totop"><a href="#summary">back to summary</a></p>
<h3 id="m11">testcases.GetCustomerAPI#TC1_validAPIKey</h3><table class="result"><tr class="param"><th>Parameter #1</th><th>Parameter #2</th><th>Parameter #3</th></tr><tr class="param stripe"><td>sourav</td><td>john@testing.com</td><td>this is testdata5</td></tr><tr><th colspan="3">Exception</th></tr><tr><td colspan="3"><div class="stacktrace">java.lang.AssertionError: The following asserts failed:
	expected [400] but found [200],
	expected [HTTP/1.1 400 OK] but found [HTTP/1.1 200 OK],
	expected [vaibhav@testing.com] but found [john@testing.com],
	expected [1000] but found [511]
	at testcases.GetCustomerAPI.TC1_validAPIKey(GetCustomerAPI.java:77)
	at java.base/java.util.ArrayList.forEach(ArrayList.java:1511)
	at java.base/java.util.concurrent.FutureTask.run(FutureTask.java:264)
	at java.base/java.util.concurrent.ThreadPoolExecutor.runWorker(ThreadPoolExecutor.java:1136)
	at java.base/java.util.concurrent.ThreadPoolExecutor$Worker.run(ThreadPoolExecutor.java:635)
	at java.base/java.lang.Thread.run(Thread.java:833)
... Removed 17 stack frames</div></td></tr></table><p class="totop"><a href="#summary">back to summary</a></p>
<h3 id="m12">testcases.GetCustomerAPI#TC1_validAPIKey</h3><table class="result"><tr class="param"><th>Parameter #1</th><th>Parameter #2</th><th>Parameter #3</th></tr><tr class="param stripe"><td>abdul</td><td>john@testing.com</td><td>this is testdata8</td></tr><tr><th colspan="3">Exception</th></tr><tr><td colspan="3"><div class="stacktrace">java.lang.AssertionError: The following asserts failed:
	expected [400] but found [200],
	expected [HTTP/1.1 400 OK] but found [HTTP/1.1 200 OK],
	expected [vaibhav@testing.com] but found [john@testing.com],
	expected [1000] but found [521]
	at testcases.GetCustomerAPI.TC1_validAPIKey(GetCustomerAPI.java:77)
	at java.base/java.util.ArrayList.forEach(ArrayList.java:1511)
	at java.base/java.util.concurrent.FutureTask.run(FutureTask.java:264)
	at java.base/java.util.concurrent.ThreadPoolExecutor.runWorker(ThreadPoolExecutor.java:1136)
	at java.base/java.util.concurrent.ThreadPoolExecutor$Worker.run(ThreadPoolExecutor.java:635)
	at java.base/java.lang.Thread.run(Thread.java:833)
... Removed 17 stack frames</div></td></tr></table><p class="totop"><a href="#summary">back to summary</a></p>
<h3 id="m13">testcases.GetCustomerAPI#TC1_validAPIKey</h3><table class="result"><tr class="param"><th>Parameter #1</th><th>Parameter #2</th><th>Parameter #3</th></tr><tr class="param stripe"><td>vaibhav</td><td>vaibhav@testing.com</td><td>this is testdata1</td></tr><tr><th colspan="3">Exception</th></tr><tr><td colspan="3"><div class="stacktrace">java.lang.AssertionError: The following asserts failed:
	expected [400] but found [200],
	expected [HTTP/1.1 400 OK] but found [HTTP/1.1 200 OK],
	expected [1000] but found [536]
	at testcases.GetCustomerAPI.TC1_validAPIKey(GetCustomerAPI.java:77)
	at java.base/java.util.ArrayList.forEach(ArrayList.java:1511)
	at java.base/java.util.concurrent.FutureTask.run(FutureTask.java:264)
	at java.base/java.util.concurrent.ThreadPoolExecutor.runWorker(ThreadPoolExecutor.java:1136)
	at java.base/java.util.concurrent.ThreadPoolExecutor$Worker.run(ThreadPoolExecutor.java:635)
	at java.base/java.lang.Thread.run(Thread.java:833)
... Removed 17 stack frames</div></td></tr></table><p class="totop"><a href="#summary">back to summary</a></p>
<h3 id="m14">testcases.GetCustomerAPI#TC1_validAPIKey</h3><table class="result"><tr class="param"><th>Parameter #1</th><th>Parameter #2</th><th>Parameter #3</th></tr><tr class="param stripe"><td>john</td><td>john@testing.com</td><td>this is testdata2</td></tr><tr><th colspan="3">Exception</th></tr><tr><td colspan="3"><div class="stacktrace">java.lang.AssertionError: The following asserts failed:
	expected [400] but found [200],
	expected [HTTP/1.1 400 OK] but found [HTTP/1.1 200 OK],
	expected [vaibhav@testing.com] but found [john@testing.com],
	expected [1000] but found [492]
	at testcases.GetCustomerAPI.TC1_validAPIKey(GetCustomerAPI.java:77)
	at java.base/java.util.ArrayList.forEach(ArrayList.java:1511)
	at java.base/java.util.concurrent.FutureTask.run(FutureTask.java:264)
	at java.base/java.util.concurrent.ThreadPoolExecutor.runWorker(ThreadPoolExecutor.java:1136)
	at java.base/java.util.concurrent.ThreadPoolExecutor$Worker.run(ThreadPoolExecutor.java:635)
	at java.base/java.lang.Thread.run(Thread.java:833)
... Removed 17 stack frames</div></td></tr></table><p class="totop"><a href="#summary">back to summary</a></p>
<h3 id="m15">testcases.GetCustomerAPI#TC1_validAPIKey</h3><table class="result"><tr class="param"><th>Parameter #1</th><th>Parameter #2</th><th>Parameter #3</th></tr><tr class="param stripe"><td>john</td><td>john@testing.com</td><td>this is testdata9</td></tr><tr><th colspan="3">Exception</th></tr><tr><td colspan="3"><div class="stacktrace">java.lang.AssertionError: The following asserts failed:
	expected [400] but found [200],
	expected [HTTP/1.1 400 OK] but found [HTTP/1.1 200 OK],
	expected [vaibhav@testing.com] but found [john@testing.com],
	expected [1000] but found [528]
	at testcases.GetCustomerAPI.TC1_validAPIKey(GetCustomerAPI.java:77)
	at java.base/java.util.ArrayList.forEach(ArrayList.java:1511)
	at java.base/java.util.concurrent.FutureTask.run(FutureTask.java:264)
	at java.base/java.util.concurrent.ThreadPoolExecutor.runWorker(ThreadPoolExecutor.java:1136)
	at java.base/java.util.concurrent.ThreadPoolExecutor$Worker.run(ThreadPoolExecutor.java:635)
	at java.base/java.lang.Thread.run(Thread.java:833)
... Removed 17 stack frames</div></td></tr></table><p class="totop"><a href="#summary">back to summary</a></p>
<h3 id="m16">testcases.GetCustomerAPI#TC1_validAPIKey</h3><table class="result"><tr class="param"><th>Parameter #1</th><th>Parameter #2</th><th>Parameter #3</th></tr><tr class="param stripe"><td>paul</td><td>john@testing.com</td><td>this is testdata3</td></tr><tr><th colspan="3">Exception</th></tr><tr><td colspan="3"><div class="stacktrace">java.lang.AssertionError: The following asserts failed:
	expected [400] but found [200],
	expected [HTTP/1.1 400 OK] but found [HTTP/1.1 200 OK],
	expected [vaibhav@testing.com] but found [john@testing.com],
	expected [1000] but found [507]
	at testcases.GetCustomerAPI.TC1_validAPIKey(GetCustomerAPI.java:77)
	at java.base/java.util.ArrayList.forEach(ArrayList.java:1511)
	at java.base/java.util.concurrent.FutureTask.run(FutureTask.java:264)
	at java.base/java.util.concurrent.ThreadPoolExecutor.runWorker(ThreadPoolExecutor.java:1136)
	at java.base/java.util.concurrent.ThreadPoolExecutor$Worker.run(ThreadPoolExecutor.java:635)
	at java.base/java.lang.Thread.run(Thread.java:833)
... Removed 17 stack frames</div></td></tr></table><p class="totop"><a href="#summary">back to summary</a></p>
<h3 id="m17">testcases.GetCustomerAPI#TC1_validAPIKey</h3><table class="result"><tr class="param"><th>Parameter #1</th><th>Parameter #2</th><th>Parameter #3</th></tr><tr class="param stripe"><td>arun</td><td>john@testing.com</td><td>this is testdata6</td></tr><tr><th colspan="3">Exception</th></tr><tr><td colspan="3"><div class="stacktrace">java.lang.AssertionError: The following asserts failed:
	expected [400] but found [200],
	expected [HTTP/1.1 400 OK] but found [HTTP/1.1 200 OK],
	expected [vaibhav@testing.com] but found [john@testing.com],
	expected [1000] but found [515]
	at testcases.GetCustomerAPI.TC1_validAPIKey(GetCustomerAPI.java:77)
	at java.base/java.util.ArrayList.forEach(ArrayList.java:1511)
	at java.base/java.util.concurrent.FutureTask.run(FutureTask.java:264)
	at java.base/java.util.concurrent.ThreadPoolExecutor.runWorker(ThreadPoolExecutor.java:1136)
	at java.base/java.util.concurrent.ThreadPoolExecutor$Worker.run(ThreadPoolExecutor.java:635)
	at java.base/java.lang.Thread.run(Thread.java:833)
... Removed 17 stack frames</div></td></tr></table><p class="totop"><a href="#summary">back to summary</a></p>
<h3 id="m18">testcases.CreateCustomerAPI#TC2_skipTestcase</h3><table class="result"><tr><th>Exception</th></tr><tr><td><div class="stacktrace">org.testng.SkipException: Test is Skipped
	at testcases.CreateCustomerAPI.TC2_skipTestcase(CreateCustomerAPI.java:79)
	at java.base/java.util.ArrayList.forEach(ArrayList.java:1511)
	at java.base/java.util.concurrent.FutureTask.run(FutureTask.java:264)
	at java.base/java.util.concurrent.ThreadPoolExecutor.runWorker(ThreadPoolExecutor.java:1136)
	at java.base/java.util.concurrent.ThreadPoolExecutor$Worker.run(ThreadPoolExecutor.java:635)
	at java.base/java.lang.Thread.run(Thread.java:833)
... Removed 15 stack frames</div></td></tr></table><p class="totop"><a href="#summary">back to summary</a></p>
<h3 id="m19">testcases.GetCustomerAPI#TC2_invalidAPIKey</h3><table class="result"><tr><th class="invisible"/></tr></table><p class="totop"><a href="#summary">back to summary</a></p>
<h3 id="m20">utility.DataExtractor#CreateCustomer</h3><table class="result"><tr class="param"><th>Parameter #1</th><th>Parameter #2</th><th>Parameter #3</th></tr><tr class="param stripe"><td>vaibhav</td><td>vaibhav@testing.com</td><td>this is testdata1</td></tr></table><p class="totop"><a href="#summary">back to summary</a></p>
<h3 id="m21">utility.DataExtractor#CreateCustomer</h3><table class="result"><tr class="param"><th>Parameter #1</th><th>Parameter #2</th><th>Parameter #3</th></tr><tr class="param stripe"><td>max</td><td>john@testing.com</td><td>this is testdata4</td></tr></table><p class="totop"><a href="#summary">back to summary</a></p>
<h3 id="m22">utility.DataExtractor#CreateCustomer</h3><table class="result"><tr class="param"><th>Parameter #1</th><th>Parameter #2</th><th>Parameter #3</th></tr><tr class="param stripe"><td>arun</td><td>john@testing.com</td><td>this is testdata6</td></tr></table><p class="totop"><a href="#summary">back to summary</a></p>
<h3 id="m23">utility.DataExtractor#CreateCustomer</h3><table class="result"><tr class="param"><th>Parameter #1</th><th>Parameter #2</th><th>Parameter #3</th></tr><tr class="param stripe"><td>abdul</td><td>john@testing.com</td><td>this is testdata8</td></tr></table><p class="totop"><a href="#summary">back to summary</a></p>
<h3 id="m24">utility.DataExtractor#CreateCustomer</h3><table class="result"><tr class="param"><th>Parameter #1</th><th>Parameter #2</th><th>Parameter #3</th></tr><tr class="param stripe"><td>sourav</td><td>john@testing.com</td><td>this is testdata5</td></tr></table><p class="totop"><a href="#summary">back to summary</a></p>
<h3 id="m25">utility.DataExtractor#CreateCustomer</h3><table class="result"><tr class="param"><th>Parameter #1</th><th>Parameter #2</th><th>Parameter #3</th></tr><tr class="param stripe"><td>john</td><td>john@testing.com</td><td>this is testdata2</td></tr></table><p class="totop"><a href="#summary">back to summary</a></p>
<h3 id="m26">utility.DataExtractor#CreateCustomer</h3><table class="result"><tr class="param"><th>Parameter #1</th><th>Parameter #2</th><th>Parameter #3</th></tr><tr class="param stripe"><td>paul</td><td>john@testing.com</td><td>this is testdata3</td></tr></table><p class="totop"><a href="#summary">back to summary</a></p>
<h3 id="m27">utility.DataExtractor#CreateCustomer</h3><table class="result"><tr class="param"><th>Parameter #1</th><th>Parameter #2</th><th>Parameter #3</th></tr><tr class="param stripe"><td>john</td><td>john@testing.com</td><td>this is testdata9</td></tr></table><p class="totop"><a href="#summary">back to summary</a></p>
<h3 id="m28">utility.DataExtractor#CreateCustomer</h3><table class="result"><tr class="param"><th>Parameter #1</th><th>Parameter #2</th><th>Parameter #3</th></tr><tr class="param stripe"><td>vidya</td><td>john@testing.com</td><td>this is testdata7</td></tr></table><p class="totop"><a href="#summary">back to summary</a></p>
</body>
</html>
